<?xml version="1.0" encoding="UTF-8"?>
<!-- Generated by org.testng.reporters.JUnitXMLReporter -->
<testsuite ignored="4" hostname="DESKTOP-3HQ3THD" failures="0" tests="1" name="Chrometest" time="0.07" errors="0" timestamp="2022-07-18T23:58:37 IST">
  <testcase classname="Test.crossbroswertesting" name="@BeforeTest lanchbrowser" time="-1.658168917693E9">
    <failure type="org.testng.TestNGException" message="
Method lanchbrowser requires 3 parameters but 1 were supplied in the BeforeTest annotation.">
      <![CDATA[org.testng.TestNGException: 
Method lanchbrowser requires 3 parameters but 1 were supplied in the BeforeTest annotation.
... Removed 21 stack frames]]>
    </failure>
  </testcase> <!-- @BeforeTest lanchbrowser -->
  <testcase classname="Test.crossbroswertesting" name="@BeforeClass pomobject" time="-1.658168917729E9">
    <skipped/>
  </testcase> <!-- @BeforeClass pomobject -->
  <testcase classname="Test.crossbroswertesting" name="@BeforeMethod loginapp" time="-1.658168917741E9">
    <skipped/>
  </testcase> <!-- @BeforeMethod loginapp -->
  <testcase classname="Test.crossbroswertesting" name="@AfterMethod logout" time="-1.658168917748E9">
    <skipped/>
  </testcase> <!-- @AfterMethod logout -->
  <testcase classname="Test.crossbroswertesting" name="@AfterClass close" time="-1.65816891775E9">
    <skipped/>
  </testcase> <!-- @AfterClass close -->
  <testcase classname="Test.crossbroswertesting" name="@AfterTest closebrowser" time="-1.658168917753E9">
    <skipped/>
  </testcase> <!-- @AfterTest closebrowser -->
  <testcase classname="Test.crossbroswertesting" name="orderpage" time="0.0">
    <skipped/>
  </testcase> <!-- orderpage -->
  <testcase classname="Test.crossbroswertesting" name="holding" time="0.0">
    <ignored/>
  </testcase> <!-- holding -->
  <testcase classname="Test.crossbroswertesting" name="positions" time="0.0">
    <ignored/>
  </testcase> <!-- positions -->
  <testcase classname="Test.crossbroswertesting" name="funds" time="0.0">
    <ignored/>
  </testcase> <!-- funds -->
  <testcase classname="Test.crossbroswertesting" name="apps" time="0.0">
    <ignored/>
  </testcase> <!-- apps -->
</testsuite> <!-- Chrometest -->
