<?xml version="1.0" encoding="UTF-8"?>
<!-- Generated by org.testng.reporters.JUnitXMLReporter -->
<testsuite ignored="0" hostname="DESKTOP-3HQ3THD" failures="0" tests="5" name="test2" time="112.988" errors="0" timestamp="2022-07-21T08:04:34 IST">
  <testcase classname="Test.cross" name="@BeforeTest launch" time="112.792">
    <failure type="org.openqa.selenium.NoSuchWindowException" message="no such window: target window already closed
from unknown error: web view not found
  (Session info: MicrosoftEdge=103.0.1264.44)
Build info: version: &amp;apos;3.141.59&amp;apos;, revision: &amp;apos;e82be7d358&amp;apos;, time: &amp;apos;2018-11-14T08:17:03&amp;apos;
System info: host: &amp;apos;DESKTOP-3HQ3THD&amp;apos;, ip: &amp;apos;192.168.147.68&amp;apos;, os.name: &amp;apos;Windows 10&amp;apos;, os.arch: &amp;apos;amd64&amp;apos;, os.version: &amp;apos;10.0&amp;apos;, java.version: &amp;apos;18&amp;apos;
Driver info: org.openqa.selenium.edge.EdgeDriver
Capabilities {acceptInsecureCerts: false, browserName: msedge, browserVersion: 103.0.1264.44, javascriptEnabled: true, ms:edgeOptions: {debuggerAddress: localhost:51488}, msedge: {msedgedriverVersion: 103.0.1264.62 (e5d152f334ae..., userDataDir: C:\Users\Admin\AppData\Loca...}, networkConnectionEnabled: false, pageLoadStrategy: normal, platform: WINDOWS, platformName: WINDOWS, proxy: Proxy(), setWindowRect: true, strictFileInteractability: false, timeouts: {implicit: 0, pageLoad: 300000, script: 30000}, unhandledPromptBehavior: dismiss and notify, webauthn:extension:credBlob: true, webauthn:extension:largeBlob: true, webauthn:virtualAuthenticators: true}
Session ID: 2f048d2c997a4bdf9a06635b0a377e77">
      <![CDATA[org.openqa.selenium.NoSuchWindowException: no such window: target window already closed
from unknown error: web view not found
  (Session info: MicrosoftEdge=103.0.1264.44)
Build info: version: '3.141.59', revision: 'e82be7d358', time: '2018-11-14T08:17:03'
System info: host: 'DESKTOP-3HQ3THD', ip: '192.168.147.68', os.name: 'Windows 10', os.arch: 'amd64', os.version: '10.0', java.version: '18'
Driver info: org.openqa.selenium.edge.EdgeDriver
Capabilities {acceptInsecureCerts: false, browserName: msedge, browserVersion: 103.0.1264.44, javascriptEnabled: true, ms:edgeOptions: {debuggerAddress: localhost:51488}, msedge: {msedgedriverVersion: 103.0.1264.62 (e5d152f334ae..., userDataDir: C:\Users\Admin\AppData\Loca...}, networkConnectionEnabled: false, pageLoadStrategy: normal, platform: WINDOWS, platformName: WINDOWS, proxy: Proxy(), setWindowRect: true, strictFileInteractability: false, timeouts: {implicit: 0, pageLoad: 300000, script: 30000}, unhandledPromptBehavior: dismiss and notify, webauthn:extension:credBlob: true, webauthn:extension:largeBlob: true, webauthn:virtualAuthenticators: true}
Session ID: 2f048d2c997a4bdf9a06635b0a377e77
at org.openqa.selenium.remote.http.W3CHttpResponseCodec.createException(W3CHttpResponseCodec.java:187)
at org.openqa.selenium.remote.http.W3CHttpResponseCodec.decode(W3CHttpResponseCodec.java:122)
at org.openqa.selenium.remote.http.W3CHttpResponseCodec.decode(W3CHttpResponseCodec.java:49)
at org.openqa.selenium.remote.HttpCommandExecutor.execute(HttpCommandExecutor.java:158)
at org.openqa.selenium.remote.service.DriverCommandExecutor.execute(DriverCommandExecutor.java:83)
at org.openqa.selenium.remote.RemoteWebDriver.execute(RemoteWebDriver.java:552)
at org.openqa.selenium.remote.RemoteWebDriver.execute(RemoteWebDriver.java:609)
at org.openqa.selenium.remote.RemoteWebDriver$RemoteWebDriverOptions$RemoteWindow.maximize(RemoteWebDriver.java:837)
at Test.cross.launch(cross.java:53)
at java.base/java.util.concurrent.FutureTask.run(FutureTask.java:264)
at java.base/java.util.concurrent.ThreadPoolExecutor.runWorker(ThreadPoolExecutor.java:1136)
at java.base/java.util.concurrent.ThreadPoolExecutor$Worker.run(ThreadPoolExecutor.java:635)
at java.base/java.lang.Thread.run(Thread.java:833)
... Removed 16 stack frames]]>
    </failure>
  </testcase> <!-- @BeforeTest launch -->
  <testcase classname="Test.cross" name="@BeforeClass login" time="-1.658370874183E9">
    <skipped/>
  </testcase> <!-- @BeforeClass login -->
  <testcase classname="Test.cross" name="@BeforeMethod loginpage" time="-1.658370874202E9">
    <skipped/>
  </testcase> <!-- @BeforeMethod loginpage -->
  <testcase classname="Test.cross" name="@AfterMethod logout" time="-1.658370874218E9">
    <skipped/>
  </testcase> <!-- @AfterMethod logout -->
  <testcase classname="Test.cross" name="@BeforeMethod loginpage" time="-1.658370874224E9">
    <skipped/>
  </testcase> <!-- @BeforeMethod loginpage -->
  <testcase classname="Test.cross" name="@AfterMethod logout" time="-1.658370874242E9">
    <skipped/>
  </testcase> <!-- @AfterMethod logout -->
  <testcase classname="Test.cross" name="@BeforeMethod loginpage" time="-1.658370874248E9">
    <skipped/>
  </testcase> <!-- @BeforeMethod loginpage -->
  <testcase classname="Test.cross" name="@AfterMethod logout" time="-1.658370874264E9">
    <skipped/>
  </testcase> <!-- @AfterMethod logout -->
  <testcase classname="Test.cross" name="@BeforeMethod loginpage" time="-1.658370874266E9">
    <skipped/>
  </testcase> <!-- @BeforeMethod loginpage -->
  <testcase classname="Test.cross" name="@AfterMethod logout" time="-1.65837087428E9">
    <skipped/>
  </testcase> <!-- @AfterMethod logout -->
  <testcase classname="Test.cross" name="@BeforeMethod loginpage" time="-1.658370874287E9">
    <skipped/>
  </testcase> <!-- @BeforeMethod loginpage -->
  <testcase classname="Test.cross" name="@AfterMethod logout" time="-1.658370874296E9">
    <skipped/>
  </testcase> <!-- @AfterMethod logout -->
  <testcase classname="Test.cross" name="@AfterClass close" time="-1.658370874302E9">
    <skipped/>
  </testcase> <!-- @AfterClass close -->
  <testcase classname="Test.cross" name="apps" time="0.0">
    <skipped/>
  </testcase> <!-- apps -->
  <testcase classname="Test.cross" name="funds" time="0.0">
    <skipped/>
  </testcase> <!-- funds -->
  <testcase classname="Test.cross" name="holding" time="0.0">
    <skipped/>
  </testcase> <!-- holding -->
  <testcase classname="Test.cross" name="orderpage" time="0.0">
    <skipped/>
  </testcase> <!-- orderpage -->
  <testcase classname="Test.cross" name="positions" time="0.0">
    <skipped/>
  </testcase> <!-- positions -->
</testsuite> <!-- test2 -->
