<?xml version="1.0" encoding="UTF-8"?>
<!-- Generated by org.testng.reporters.JUnitReportReporter -->
<testsuite hostname="DESKTOP-3HQ3THD" failures="0" tests="6" name="Test.crossbroswertesting" time="-1658329856.000" errors="1" timestamp="2022-07-20T20:42:07 IST" skipped="5">
  <testcase classname="Test.crossbroswertesting" name="lanchbrowser" time="-1658329856.000">
    <error message="
Parameter &#039;browser&#039; is required by BeforeTest on method lanchbrowser but has not been marked @Optional or defined
in C:\Users\Admin\AppData\Local\Temp\testng-eclipse-501339091\testng-customsuite.xml" type="org.testng.TestNGException">
      <![CDATA[org.testng.TestNGException: 
Parameter 'browser' is required by BeforeTest on method lanchbrowser but has not been marked @Optional or defined
in C:\Users\Admin\AppData\Local\Temp\testng-eclipse-501339091\testng-customsuite.xml
at org.testng.internal.Parameters.createParams(Parameters.java:270)
at org.testng.internal.Parameters.createParametersForMethod(Parameters.java:358)
at org.testng.internal.Parameters.createParameters(Parameters.java:700)
at org.testng.internal.Parameters.createConfigurationParameters(Parameters.java:168)
at org.testng.internal.ConfigInvoker.invokeConfigurations(ConfigInvoker.java:302)
at org.testng.TestRunner.invokeTestConfigurations(TestRunner.java:637)
at org.testng.TestRunner.beforeRun(TestRunner.java:627)
at org.testng.TestRunner.run(TestRunner.java:589)
at org.testng.SuiteRunner.runTest(SuiteRunner.java:377)
at org.testng.SuiteRunner.runSequentially(SuiteRunner.java:371)
at org.testng.SuiteRunner.privateRun(SuiteRunner.java:332)
at org.testng.SuiteRunner.run(SuiteRunner.java:276)
at org.testng.SuiteRunnerWorker.runSuite(SuiteRunnerWorker.java:53)
at org.testng.SuiteRunnerWorker.run(SuiteRunnerWorker.java:96)
at org.testng.TestNG.runSuitesSequentially(TestNG.java:1212)
at org.testng.TestNG.runSuitesLocally(TestNG.java:1134)
at org.testng.TestNG.runSuites(TestNG.java:1063)
at org.testng.TestNG.run(TestNG.java:1031)
at org.testng.remote.AbstractRemoteTestNG.run(AbstractRemoteTestNG.java:115)
at org.testng.remote.RemoteTestNG.initAndRun(RemoteTestNG.java:251)
at org.testng.remote.RemoteTestNG.main(RemoteTestNG.java:77)
]]>
    </error>
  </testcase> <!-- lanchbrowser -->
  <system-out/>
  <testcase classname="Test.crossbroswertesting" name="funds" time="0.000">
    <skipped/>
  </testcase> <!-- funds -->
  <system-out/>
  <testcase classname="Test.crossbroswertesting" name="holding" time="0.000">
    <skipped/>
  </testcase> <!-- holding -->
  <system-out/>
  <testcase classname="Test.crossbroswertesting" name="orderpage" time="0.000">
    <skipped/>
  </testcase> <!-- orderpage -->
  <system-out/>
  <testcase classname="Test.crossbroswertesting" name="positions" time="0.000">
    <skipped/>
  </testcase> <!-- positions -->
  <system-out/>
  <testcase classname="Test.crossbroswertesting" name="apps" time="0.000">
    <skipped/>
  </testcase> <!-- apps -->
  <system-out/>
</testsuite> <!-- Test.crossbroswertesting -->
