<?xml version="1.0" encoding="UTF-8"?>
<!-- Generated by org.testng.reporters.JUnitXMLReporter -->
<testsuite ignored="0" hostname="DESKTOP-3HQ3THD" failures="0" tests="5" name="Default test" time="0.21" errors="0" timestamp="2022-07-20T20:42:07 IST">
  <testcase classname="Test.crossbroswertesting" name="@BeforeTest lanchbrowser" time="-1.658329927053E9">
    <failure type="org.testng.TestNGException" message="
Parameter &amp;apos;browser&amp;apos; is required by BeforeTest on method lanchbrowser but has not been marked @Optional or defined
in C:\Users\Admin\AppData\Local\Temp\testng-eclipse-501339091\testng-customsuite.xml">
      <![CDATA[org.testng.TestNGException: 
Parameter 'browser' is required by BeforeTest on method lanchbrowser but has not been marked @Optional or defined
in C:\Users\Admin\AppData\Local\Temp\testng-eclipse-501339091\testng-customsuite.xml
at org.testng.internal.Parameters.createParams(Parameters.java:270)
at org.testng.internal.Parameters.createParametersForMethod(Parameters.java:358)
at org.testng.internal.Parameters.createParameters(Parameters.java:700)
at org.testng.internal.Parameters.createConfigurationParameters(Parameters.java:168)
at org.testng.internal.ConfigInvoker.invokeConfigurations(ConfigInvoker.java:302)
at org.testng.TestRunner.invokeTestConfigurations(TestRunner.java:637)
at org.testng.TestRunner.beforeRun(TestRunner.java:627)
at org.testng.TestRunner.run(TestRunner.java:589)
at org.testng.SuiteRunner.runTest(SuiteRunner.java:377)
at org.testng.SuiteRunner.runSequentially(SuiteRunner.java:371)
at org.testng.SuiteRunner.privateRun(SuiteRunner.java:332)
at org.testng.SuiteRunner.run(SuiteRunner.java:276)
at org.testng.SuiteRunnerWorker.runSuite(SuiteRunnerWorker.java:53)
at org.testng.SuiteRunnerWorker.run(SuiteRunnerWorker.java:96)
at org.testng.TestNG.runSuitesSequentially(TestNG.java:1212)
at org.testng.TestNG.runSuitesLocally(TestNG.java:1134)
at org.testng.TestNG.runSuites(TestNG.java:1063)
at org.testng.TestNG.run(TestNG.java:1031)
at org.testng.remote.AbstractRemoteTestNG.run(AbstractRemoteTestNG.java:115)
at org.testng.remote.RemoteTestNG.initAndRun(RemoteTestNG.java:251)
at org.testng.remote.RemoteTestNG.main(RemoteTestNG.java:77)
]]>
    </failure>
  </testcase> <!-- @BeforeTest lanchbrowser -->
  <testcase classname="Test.crossbroswertesting" name="@BeforeClass pomobject" time="-1.658329927092E9">
    <skipped/>
  </testcase> <!-- @BeforeClass pomobject -->
  <testcase classname="Test.crossbroswertesting" name="@BeforeMethod loginapp" time="-1.658329927115E9">
    <skipped/>
  </testcase> <!-- @BeforeMethod loginapp -->
  <testcase classname="Test.crossbroswertesting" name="@AfterMethod logout" time="-1.658329927123E9">
    <skipped/>
  </testcase> <!-- @AfterMethod logout -->
  <testcase classname="Test.crossbroswertesting" name="@BeforeMethod loginapp" time="-1.658329927128E9">
    <skipped/>
  </testcase> <!-- @BeforeMethod loginapp -->
  <testcase classname="Test.crossbroswertesting" name="@AfterMethod logout" time="-1.658329927138E9">
    <skipped/>
  </testcase> <!-- @AfterMethod logout -->
  <testcase classname="Test.crossbroswertesting" name="@BeforeMethod loginapp" time="-1.65832992714E9">
    <skipped/>
  </testcase> <!-- @BeforeMethod loginapp -->
  <testcase classname="Test.crossbroswertesting" name="@AfterMethod logout" time="-1.658329927178E9">
    <skipped/>
  </testcase> <!-- @AfterMethod logout -->
  <testcase classname="Test.crossbroswertesting" name="@BeforeMethod loginapp" time="-1.658329927186E9">
    <skipped/>
  </testcase> <!-- @BeforeMethod loginapp -->
  <testcase classname="Test.crossbroswertesting" name="@AfterMethod logout" time="-1.658329927198E9">
    <skipped/>
  </testcase> <!-- @AfterMethod logout -->
  <testcase classname="Test.crossbroswertesting" name="@BeforeMethod loginapp" time="-1.658329927215E9">
    <skipped/>
  </testcase> <!-- @BeforeMethod loginapp -->
  <testcase classname="Test.crossbroswertesting" name="@AfterMethod logout" time="-1.658329927232E9">
    <skipped/>
  </testcase> <!-- @AfterMethod logout -->
  <testcase classname="Test.crossbroswertesting" name="@AfterClass close" time="-1.658329927241E9">
    <skipped/>
  </testcase> <!-- @AfterClass close -->
  <testcase classname="Test.crossbroswertesting" name="apps" time="0.0">
    <skipped/>
  </testcase> <!-- apps -->
  <testcase classname="Test.crossbroswertesting" name="funds" time="0.0">
    <skipped/>
  </testcase> <!-- funds -->
  <testcase classname="Test.crossbroswertesting" name="holding" time="0.0">
    <skipped/>
  </testcase> <!-- holding -->
  <testcase classname="Test.crossbroswertesting" name="orderpage" time="0.0">
    <skipped/>
  </testcase> <!-- orderpage -->
  <testcase classname="Test.crossbroswertesting" name="positions" time="0.0">
    <skipped/>
  </testcase> <!-- positions -->
</testsuite> <!-- Default test -->
